Buildfile: build.xml

init:
     [echo] Init...
   [delete] Deleting directory D:\d\workspace\bestpractice\taglib\distrib
    [mkdir] Created dir: D:\d\workspace\bestpractice\taglib\classes-bboss-taglib
    [mkdir] Created dir: D:\d\workspace\bestpractice\taglib\distrib\WebRoot

compile-frameworkset:
     [echo] compile the bboss-taglib source ...
    [javac] Compiling 25 source files to D:\d\workspace\bestpractice\taglib\classes-bboss-taglib
    [javac] 警告: [options] 未与 -source 1.5 一起设置引导类路径
    [javac] 警告: [options] 源值1.5已过时, 将在未来所有发行版中删除
    [javac] 警告: [options] 目标值1.5已过时, 将在未来所有发行版中删除
    [javac] 警告: [options] 要隐藏有关已过时选项的警告, 请使用 -Xlint:-options。
    [javac] [解析开始时间 RegularFileObject[D:\d\workspace\bestpractice\taglib\src\org\ditchnet\httpunit\BaseHttpUnitTestCase.java]]
    [javac] [解析已完成, 用时 27 毫秒]
    [javac] [解析开始时间 RegularFileObject[D:\d\workspace\bestpractice\taglib\src\org\ditchnet\jsp\util\JspResponseWriterTest.java]]
    [javac] [解析已完成, 用时 8 毫秒]
    [javac] [解析开始时间 RegularFileObject[D:\d\workspace\bestpractice\taglib\src\org\ditchnet\test\DitchBaseTestCase.java]]
    [javac] [解析已完成, 用时 0 毫秒]
    [javac] [解析开始时间 RegularFileObject[D:\d\workspace\bestpractice\taglib\src\org\ditchnet\xml\dom\DomUtilsTest.java]]
    [javac] [解析已完成, 用时 11 毫秒]
    [javac] [解析开始时间 RegularFileObject[D:\d\workspace\bestpractice\taglib\src\org\frameworkset\spi\remote\http\TestBean.java]]
    [javac] [解析已完成, 用时 1 毫秒]
    [javac] [解析开始时间 RegularFileObject[D:\d\workspace\bestpractice\taglib\src\test\PreparedAndBatchTest.java]]
    [javac] [解析已完成, 用时 21 毫秒]
    [javac] [解析开始时间 RegularFileObject[D:\d\workspace\bestpractice\taglib\src\test\PreparedAndBatchTestWithConnection.java]]
    [javac] [解析已完成, 用时 35 毫秒]
    [javac] [解析开始时间 RegularFileObject[D:\d\workspace\bestpractice\taglib\src\test\PreparedAndBatchTestWithNullConnection.java]]
    [javac] [解析已完成, 用时 17 毫秒]
    [javac] [解析开始时间 RegularFileObject[D:\d\workspace\bestpractice\taglib\src\test\ServerLet.java]]
    [javac] [解析已完成, 用时 5 毫秒]
    [javac] [解析开始时间 RegularFileObject[D:\d\workspace\bestpractice\taglib\src\test\TestBean.java]]
    [javac] [解析已完成, 用时 1 毫秒]
    [javac] [解析开始时间 RegularFileObject[D:\d\workspace\bestpractice\taglib\src\test\TestCellTag.java]]
    [javac] [解析已完成, 用时 1 毫秒]
    [javac] [解析开始时间 RegularFileObject[D:\d\workspace\bestpractice\taglib\src\test\TestDBUtil1.java]]
    [javac] [解析已完成, 用时 4 毫秒]
    [javac] [解析开始时间 RegularFileObject[D:\d\workspace\bestpractice\taglib\src\test\TestDataInfo.java]]
    [javac] [解析已完成, 用时 1 毫秒]
    [javac] [解析开始时间 RegularFileObject[D:\d\workspace\bestpractice\taglib\src\test\TestJDBCTemplate.java]]
    [javac] [解析已完成, 用时 1 毫秒]
    [javac] [解析开始时间 RegularFileObject[D:\d\workspace\bestpractice\taglib\src\test\TestSEQ.java]]
    [javac] [解析已完成, 用时 1 毫秒]
    [javac] [解析开始时间 RegularFileObject[D:\d\workspace\bestpractice\taglib\src\test\TestSecondIO.java]]
    [javac] [解析已完成, 用时 1 毫秒]
    [javac] [解析开始时间 RegularFileObject[D:\d\workspace\bestpractice\taglib\src\test\TestTemplateDBUtil.java]]
    [javac] [解析已完成, 用时 5 毫秒]
    [javac] [解析开始时间 RegularFileObject[D:\d\workspace\bestpractice\taglib\src\test\TestValueTemplateDBUtil.java]]
    [javac] [解析已完成, 用时 38 毫秒]
    [javac] [解析开始时间 RegularFileObject[D:\d\workspace\bestpractice\taglib\src\test\pager\QueryTableList.java]]
    [javac] [解析已完成, 用时 2 毫秒]
    [javac] [解析开始时间 RegularFileObject[D:\d\workspace\bestpractice\taglib\src\test\pager\TableInfo.java]]
    [javac] [解析已完成, 用时 1 毫秒]
    [javac] [解析开始时间 RegularFileObject[D:\d\workspace\bestpractice\taglib\src\test\pager\TableInfoListData.java]]
    [javac] [解析已完成, 用时 6 毫秒]
    [javac] [解析开始时间 RegularFileObject[D:\d\workspace\bestpractice\taglib\src\test\tree\TestTree.java]]
    [javac] [解析已完成, 用时 1 毫秒]
    [javac] [解析开始时间 RegularFileObject[D:\d\workspace\bestpractice\taglib\src\test\tree\TreeNode.java]]
    [javac] [解析已完成, 用时 1 毫秒]
    [javac] [解析开始时间 RegularFileObject[D:\d\workspace\bestpractice\taglib\src\test\tree\TreeUtil.java]]
    [javac] [解析已完成, 用时 1 毫秒]
    [javac] [解析开始时间 RegularFileObject[D:\d\workspace\bestpractice\taglib\src\test\tree\TreeWithContextMenu.java]]
    [javac] [解析已完成, 用时 2 毫秒]
    [javac] [源文件的搜索路径: D:\d\workspace\bestpractice\taglib\src]
    [javac] [类文件的搜索路径: C:\Program Files\Java\jdk1.8.0_40\jre\lib\resources.jar,C:\Program Files\Java\jdk1.8.0_40\jre\lib\rt.jar,C:\Program Files\Java\jdk1.8.0_40\jre\lib\sunrsasign.jar,C:\Program Files\Java\jdk1.8.0_40\jre\lib\jsse.jar,C:\Program Files\Java\jdk1.8.0_40\jre\lib\jce.jar,C:\Program Files\Java\jdk1.8.0_40\jre\lib\charsets.jar,C:\Program Files\Java\jdk1.8.0_40\jre\lib\jfr.jar,C:\Program Files\Java\jdk1.8.0_40\jre\classes,C:\Program Files\Java\jdk1.8.0_40\jre\lib\ext\access-bridge-64.jar,C:\Program Files\Java\jdk1.8.0_40\jre\lib\ext\cldrdata.jar,C:\Program Files\Java\jdk1.8.0_40\jre\lib\ext\dnsns.jar,C:\Program Files\Java\jdk1.8.0_40\jre\lib\ext\jaccess.jar,C:\Program Files\Java\jdk1.8.0_40\jre\lib\ext\jfxrt.jar,C:\Program Files\Java\jdk1.8.0_40\jre\lib\ext\localedata.jar,C:\Program Files\Java\jdk1.8.0_40\jre\lib\ext\nashorn.jar,C:\Program Files\Java\jdk1.8.0_40\jre\lib\ext\sunec.jar,C:\Program Files\Java\jdk1.8.0_40\jre\lib\ext\sunjce_provider.jar,C:\Program Files\Java\jdk1.8.0_40\jre\lib\ext\sunmscapi.jar,C:\Program Files\Java\jdk1.8.0_40\jre\lib\ext\sunpkcs11.jar,C:\Program Files\Java\jdk1.8.0_40\jre\lib\ext\zipfs.jar,D:\d\workspace\bestpractice\taglib\classes-bboss-taglib,D:\d\workspace\bestpractice\taglib\WebRoot\WEB-INF\lib\ant-1.5.3.jar,D:\d\workspace\bestpractice\taglib\WebRoot\WEB-INF\lib\xml-apis.jar,D:\d\workspace\bestpractice\taglib\WebRoot\WEB-INF\lib\xercesImpl.jar,D:\d\workspace\bestpractice\taglib\WebRoot\WEB-INF\lib\optional.jar,D:\d\workspace\bestpractice\taglib\WebRoot\WEB-INF\lib\xalan.jar,D:\d\workspace\bestpractice\taglib\WebRoot\WEB-INF\lib\asm-5.0.3.jar,D:\d\workspace\bestpractice\taglib\WebRoot\WEB-INF\lib\bboss-core.jar,D:\d\workspace\bestpractice\taglib\WebRoot\WEB-INF\lib\bboss-mvc.jar,D:\d\workspace\bestpractice\taglib\WebRoot\WEB-INF\lib\bboss-soa.jar,D:\d\workspace\bestpractice\taglib\WebRoot\WEB-INF\lib\bboss-velocity.jar,D:\d\workspace\bestpractice\taglib\WebRoot\WEB-INF\lib\cglib-nodep-3.1.jar,D:\d\workspace\bestpractice\taglib\WebRoot\WEB-INF\lib\commons-digester.jar,D:\d\workspace\bestpractice\taglib\WebRoot\WEB-INF\lib\commons-lang-2.1.jar,D:\d\workspace\bestpractice\taglib\WebRoot\WEB-INF\lib\commons-modeler.jar,D:\d\workspace\bestpractice\taglib\WebRoot\WEB-INF\lib\concurrent-1.3.2.jar,D:\d\workspace\bestpractice\taglib\WebRoot\WEB-INF\lib\ditchnet-tabs-taglib.jar,D:\d\workspace\bestpractice\taglib\WebRoot\WEB-INF\lib\ecs-1.4.2.jar,D:\d\workspace\bestpractice\taglib\WebRoot\WEB-INF\lib\frameworkset-pool-sources.jar,D:\d\workspace\bestpractice\taglib\WebRoot\WEB-INF\lib\frameworkset-pool.jar,D:\d\workspace\bestpractice\taglib\WebRoot\WEB-INF\lib\frameworkset-util.jar,D:\d\workspace\bestpractice\taglib\WebRoot\WEB-INF\lib\frameworkset.jar,D:\d\workspace\bestpractice\taglib\WebRoot\WEB-INF\lib\geronimo-jta_1.0.1B_spec-1.0.1.jar,D:\d\workspace\bestpractice\taglib\WebRoot\WEB-INF\lib\htmlparser-1.5-20050925.jar,D:\d\workspace\bestpractice\taglib\WebRoot\WEB-INF\lib\jakarta-oro-2.0.8.jar,D:\d\workspace\bestpractice\taglib\WebRoot\WEB-INF\lib\log4j.jar,D:\d\workspace\bestpractice\taglib\WebRoot\WEB-INF\lib\mysql-connector-java-3.1.14-bin.jar,D:\d\workspace\bestpractice\taglib\WebRoot\WEB-INF\lib\ojdbc14.jar,D:\d\workspace\bestpractice\taglib\WebRoot\WEB-INF\lib\turbine-2.3.jar,D:\d\workspace\bestpractice\taglib\WebRoot\WEB-INF\lib\xjavadoc-1.1.jar,D:\d\workspace\bestpractice\taglib\WebRoot\WEB-INF\lib\xpp3-1.1.4c.jar,D:\d\workspace\bestpractice\taglib\WebRoot\WEB-INF\lib\xstream-1.3.1.jar,D:\d\workspace\bestpractice\taglib\compilelib\jsp-api.jar,D:\d\workspace\bestpractice\taglib\compilelib\junit-4.6.jar,D:\d\workspace\bestpractice\taglib\compilelib\servlet-api.jar,D:\d\workspace\bbossgroups-3.6.0\apache-ant-1.7.1\lib\ant-launcher.jar,D:\d\workspace\bbossgroups-3.6.0\apache-ant-1.7.1\lib\ant-antlr.jar,D:\d\workspace\bbossgroups-3.6.0\apache-ant-1.7.1\lib\ant-apache-bcel.jar,D:\d\workspace\bbossgroups-3.6.0\apache-ant-1.7.1\lib\ant-apache-bsf.jar,D:\d\workspace\bbossgroups-3.6.0\apache-ant-1.7.1\lib\ant-apache-log4j.jar,D:\d\workspace\bbossgroups-3.6.0\apache-ant-1.7.1\lib\ant-apache-oro.jar,D:\d\workspace\bbossgroups-3.6.0\apache-ant-1.7.1\lib\ant-apache-regexp.jar,D:\d\workspace\bbossgroups-3.6.0\apache-ant-1.7.1\lib\ant-apache-resolver.jar,D:\d\workspace\bbossgroups-3.6.0\apache-ant-1.7.1\lib\ant-commons-logging.jar,D:\d\workspace\bbossgroups-3.6.0\apache-ant-1.7.1\lib\ant-commons-net.jar,D:\d\workspace\bbossgroups-3.6.0\apache-ant-1.7.1\lib\ant-contrib-1.0b3.jar,D:\d\workspace\bbossgroups-3.6.0\apache-ant-1.7.1\lib\ant-jai.jar,D:\d\workspace\bbossgroups-3.6.0\apache-ant-1.7.1\lib\ant-javamail.jar,D:\d\workspace\bbossgroups-3.6.0\apache-ant-1.7.1\lib\ant-jdepend.jar,D:\d\workspace\bbossgroups-3.6.0\apache-ant-1.7.1\lib\ant-jmf.jar,D:\d\workspace\bbossgroups-3.6.0\apache-ant-1.7.1\lib\ant-jsch.jar,D:\d\workspace\bbossgroups-3.6.0\apache-ant-1.7.1\lib\ant-junit.jar,D:\d\workspace\bbossgroups-3.6.0\apache-ant-1.7.1\lib\ant-netrexx.jar,D:\d\workspace\bbossgroups-3.6.0\apache-ant-1.7.1\lib\ant-nodeps.jar,D:\d\workspace\bbossgroups-3.6.0\apache-ant-1.7.1\lib\ant-starteam.jar,D:\d\workspace\bbossgroups-3.6.0\apache-ant-1.7.1\lib\ant-stylebook.jar,D:\d\workspace\bbossgroups-3.6.0\apache-ant-1.7.1\lib\ant-swing.jar,D:\d\workspace\bbossgroups-3.6.0\apache-ant-1.7.1\lib\ant-testutil.jar,D:\d\workspace\bbossgroups-3.6.0\apache-ant-1.7.1\lib\ant-trax.jar,D:\d\workspace\bbossgroups-3.6.0\apache-ant-1.7.1\lib\ant-weblogic.jar,D:\d\workspace\bbossgroups-3.6.0\apache-ant-1.7.1\lib\ant.jar,D:\d\workspace\bbossgroups-3.6.0\apache-ant-1.7.1\lib\ganymed.jar,D:\d\workspace\bbossgroups-3.6.0\apache-ant-1.7.1\lib\svnant.jar,D:\d\workspace\bbossgroups-3.6.0\apache-ant-1.7.1\lib\svnClientAdapter.jar,D:\d\workspace\bbossgroups-3.6.0\apache-ant-1.7.1\lib\svnjavahl.jar,D:\d\workspace\bbossgroups-3.6.0\apache-ant-1.7.1\lib\svnkit-javahl.jar,D:\d\workspace\bbossgroups-3.6.0\apache-ant-1.7.1\lib\svnkit.jar,D:\d\workspace\bbossgroups-3.6.0\apache-ant-1.7.1\lib\xercesImpl.jar,D:\d\workspace\bbossgroups-3.6.0\apache-ant-1.7.1\lib\xml-apis.jar,C:\Program Files\Java\jdk1.8.0_40\lib\tools.jar]
    [javac] [正在加载ZipFileIndexFileObject[D:\d\workspace\bestpractice\taglib\compilelib\junit-4.6.jar(junit/framework/Test.class)]]
    [javac] [正在加载ZipFileIndexFileObject[D:\d\workspace\bestpractice\taglib\compilelib\junit-4.6.jar(junit/framework/TestCase.class)]]
    [javac] [正在加载ZipFileIndexFileObject[D:\d\workspace\bestpractice\taglib\compilelib\junit-4.6.jar(junit/framework/TestSuite.class)]]
    [javac] [正在加载ZipFileIndexFileObject[D:\d\workspace\bestpractice\taglib\WebRoot\WEB-INF\lib\ditchnet-tabs-taglib.jar(org/ditchnet/xml/dom/DomUtils.class)]]
    [javac] [正在加载ZipFileIndexFileObject[C:\Program Files\Java\jdk1.8.0_40\lib\ct.sym(META-INF/sym/rt.jar/java/lang/Object.class)]]
    [javac] [正在加载ZipFileIndexFileObject[D:\d\workspace\bestpractice\taglib\compilelib\junit-4.6.jar(junit/framework/Assert.class)]]
    [javac] [正在加载ZipFileIndexFileObject[C:\Program Files\Java\jdk1.8.0_40\lib\ct.sym(META-INF/sym/rt.jar/java/lang/String.class)]]
    [javac] [正在加载ZipFileIndexFileObject[D:\d\workspace\bestpractice\taglib\WebRoot\WEB-INF\lib\ditchnet-tabs-taglib.jar(org/ditchnet/xml/Xhtml.class)]]
    [javac] [正在加载ZipFileIndexFileObject[D:\d\workspace\bestpractice\taglib\WebRoot\WEB-INF\lib\ditchnet-tabs-taglib.jar(org/ditchnet/jsp/util/JspResponseWriter.class)]]
    [javac] [正在加载ZipFileIndexFileObject[C:\Program Files\Java\jdk1.8.0_40\lib\ct.sym(META-INF/sym/rt.jar/java/lang/StringBuffer.class)]]
    [javac] [正在加载ZipFileIndexFileObject[C:\Program Files\Java\jdk1.8.0_40\lib\ct.sym(META-INF/sym/rt.jar/java/util/List.class)]]
    [javac] [正在加载ZipFileIndexFileObject[C:\Program Files\Java\jdk1.8.0_40\lib\ct.sym(META-INF/sym/rt.jar/org/xml/sax/InputSource.class)]]
    [javac] [正在加载ZipFileIndexFileObject[C:\Program Files\Java\jdk1.8.0_40\lib\ct.sym(META-INF/sym/rt.jar/org/w3c/dom/Document.class)]]
    [javac] [正在加载ZipFileIndexFileObject[C:\Program Files\Java\jdk1.8.0_40\lib\ct.sym(META-INF/sym/rt.jar/java/lang/Exception.class)]]
    [javac] [正在加载ZipFileIndexFileObject[C:\Program Files\Java\jdk1.8.0_40\lib\ct.sym(META-INF/sym/rt.jar/java/io/File.class)]]
    [javac] [正在加载ZipFileIndexFileObject[C:\Program Files\Java\jdk1.8.0_40\lib\ct.sym(META-INF/sym/rt.jar/java/sql/Connection.class)]]
    [javac] [正在加载ZipFileIndexFileObject[C:\Program Files\Java\jdk1.8.0_40\lib\ct.sym(META-INF/sym/rt.jar/java/sql/Date.class)]]
    [javac] [正在加载ZipFileIndexFileObject[C:\Program Files\Java\jdk1.8.0_40\lib\ct.sym(META-INF/sym/rt.jar/java/sql/SQLException.class)]]
    [javac] [正在加载ZipFileIndexFileObject[C:\Program Files\Java\jdk1.8.0_40\lib\ct.sym(META-INF/sym/rt.jar/java/sql/Timestamp.class)]]
    [javac] [正在加载ZipFileIndexFileObject[D:\d\workspace\bestpractice\taglib\WebRoot\WEB-INF\lib\frameworkset-util.jar(javax/transaction/RollbackException.class)]]
    [javac] [正在加载ZipFileIndexFileObject[D:\d\workspace\bestpractice\taglib\WebRoot\WEB-INF\lib\frameworkset-pool.jar(com/frameworkset/common/poolman/DBUtil.class)]]
    [javac] [正在加载ZipFileIndexFileObject[D:\d\workspace\bestpractice\taglib\WebRoot\WEB-INF\lib\frameworkset-pool.jar(com/frameworkset/common/poolman/PreparedDBUtil.class)]]
    [javac] [正在加载ZipFileIndexFileObject[D:\d\workspace\bestpractice\taglib\WebRoot\WEB-INF\lib\frameworkset-pool.jar(com/frameworkset/orm/transaction/TransactionManager.class)]]
    [javac] [正在加载ZipFileIndexFileObject[D:\d\workspace\bestpractice\taglib\WebRoot\WEB-INF\lib\frameworkset-util.jar(com/frameworkset/orm/transaction/TransactionException.class)]]
    [javac] [正在加载ZipFileIndexFileObject[C:\Program Files\Java\jdk1.8.0_40\lib\ct.sym(META-INF/sym/rt.jar/java/lang/Thread.class)]]
    [javac] [正在加载ZipFileIndexFileObject[C:\Program Files\Java\jdk1.8.0_40\lib\ct.sym(META-INF/sym/rt.jar/java/lang/Runnable.class)]]
    [javac] [正在加载ZipFileIndexFileObject[C:\Program Files\Java\jdk1.8.0_40\lib\ct.sym(META-INF/sym/rt.jar/java/io/ByteArrayOutputStream.class)]]
    [javac] [正在加载ZipFileIndexFileObject[C:\Program Files\Java\jdk1.8.0_40\lib\ct.sym(META-INF/sym/rt.jar/java/io/IOException.class)]]
    [javac] [正在加载ZipFileIndexFileObject[C:\Program Files\Java\jdk1.8.0_40\lib\ct.sym(META-INF/sym/rt.jar/java/io/InputStream.class)]]
    [javac] [正在加载ZipFileIndexFileObject[C:\Program Files\Java\jdk1.8.0_40\lib\ct.sym(META-INF/sym/rt.jar/java/io/PrintWriter.class)]]
    [javac] [正在加载ZipFileIndexFileObject[D:\d\workspace\bestpractice\taglib\compilelib\servlet-api.jar(javax/servlet/ServletConfig.class)]]
    [javac] [正在加载ZipFileIndexFileObject[D:\d\workspace\bestpractice\taglib\compilelib\servlet-api.jar(javax/servlet/ServletException.class)]]
    [javac] [正在加载ZipFileIndexFileObject[D:\d\workspace\bestpractice\taglib\compilelib\servlet-api.jar(javax/servlet/http/HttpServlet.class)]]
    [javac] [正在加载ZipFileIndexFileObject[D:\d\workspace\bestpractice\taglib\compilelib\servlet-api.jar(javax/servlet/http/HttpServletRequest.class)]]
    [javac] [正在加载ZipFileIndexFileObject[D:\d\workspace\bestpractice\taglib\compilelib\servlet-api.jar(javax/servlet/http/HttpServletResponse.class)]]
    [javac] [正在加载ZipFileIndexFileObject[D:\d\workspace\bestpractice\taglib\WebRoot\WEB-INF\lib\xstream-1.3.1.jar(com/thoughtworks/xstream/XStream.class)]]
    [javac] [正在加载ZipFileIndexFileObject[C:\Program Files\Java\jdk1.8.0_40\lib\ct.sym(META-INF/sym/rt.jar/java/io/Serializable.class)]]
    [javac] [正在加载ZipFileIndexFileObject[D:\d\workspace\bestpractice\taglib\compilelib\servlet-api.jar(javax/servlet/GenericServlet.class)]]
    [javac] [正在加载ZipFileIndexFileObject[D:\d\workspace\bestpractice\taglib\compilelib\servlet-api.jar(javax/servlet/Servlet.class)]]
    [javac] [正在加载ZipFileIndexFileObject[D:\d\workspace\bestpractice\taglib\compilelib\jsp-api.jar(javax/servlet/jsp/JspException.class)]]
    [javac] [正在加载ZipFileIndexFileObject[D:\d\workspace\bestpractice\taglib\WebRoot\WEB-INF\lib\frameworkset.jar(com/frameworkset/common/tag/pager/tags/CellTag.class)]]
    [javac] [正在加载ZipFileIndexFileObject[D:\d\workspace\bestpractice\taglib\WebRoot\WEB-INF\lib\frameworkset-util.jar(com/frameworkset/util/StringUtil.class)]]
    [javac] [正在加载ZipFileIndexFileObject[D:\d\workspace\bestpractice\taglib\WebRoot\WEB-INF\lib\frameworkset.jar(com/frameworkset/common/tag/pager/tags/PagerTagSupport.class)]]
    [javac] [正在加载ZipFileIndexFileObject[D:\d\workspace\bestpractice\taglib\WebRoot\WEB-INF\lib\frameworkset.jar(com/frameworkset/common/tag/BaseTag.class)]]
    [javac] [正在加载ZipFileIndexFileObject[D:\d\workspace\bestpractice\taglib\compilelib\jsp-api.jar(javax/servlet/jsp/tagext/TryCatchFinally.class)]]
    [javac] [正在加载ZipFileIndexFileObject[D:\d\workspace\bestpractice\taglib\compilelib\jsp-api.jar(javax/servlet/jsp/tagext/TagSupport.class)]]
    [javac] [正在加载ZipFileIndexFileObject[D:\d\workspace\bestpractice\taglib\compilelib\jsp-api.jar(javax/servlet/jsp/tagext/IterationTag.class)]]
    [javac] [正在加载ZipFileIndexFileObject[D:\d\workspace\bestpractice\taglib\compilelib\jsp-api.jar(javax/servlet/jsp/tagext/Tag.class)]]
    [javac] [正在加载ZipFileIndexFileObject[D:\d\workspace\bestpractice\taglib\compilelib\jsp-api.jar(javax/servlet/jsp/tagext/JspTag.class)]]
    [javac] [正在加载ZipFileIndexFileObject[C:\Program Files\Java\jdk1.8.0_40\lib\ct.sym(META-INF/sym/rt.jar/java/util/Date.class)]]
    [javac] [正在加载ZipFileIndexFileObject[D:\d\workspace\bestpractice\taglib\WebRoot\WEB-INF\lib\frameworkset.jar(com/frameworkset/common/tag/pager/DataInfoImpl.class)]]
    [javac] [正在加载ZipFileIndexFileObject[D:\d\workspace\bestpractice\taglib\WebRoot\WEB-INF\lib\frameworkset-util.jar(com/frameworkset/util/ListInfo.class)]]
    [javac] [正在加载ZipFileIndexFileObject[D:\d\workspace\bestpractice\taglib\WebRoot\WEB-INF\lib\frameworkset.jar(com/frameworkset/common/tag/pager/DataInfo.class)]]
    [javac] [正在加载ZipFileIndexFileObject[D:\d\workspace\bestpractice\taglib\WebRoot\WEB-INF\lib\frameworkset-pool.jar(com/frameworkset/common/poolman/JDBCTemplate.class)]]
    [javac] [正在加载ZipFileIndexFileObject[D:\d\workspace\bestpractice\taglib\WebRoot\WEB-INF\lib\frameworkset-pool.jar(com/frameworkset/common/poolman/TemplateDBUtil.class)]]
    [javac] [正在加载ZipFileIndexFileObject[C:\Program Files\Java\jdk1.8.0_40\lib\ct.sym(META-INF/sym/rt.jar/java/lang/Throwable.class)]]
    [javac] [正在加载ZipFileIndexFileObject[C:\Program Files\Java\jdk1.8.0_40\lib\ct.sym(META-INF/sym/rt.jar/java/io/BufferedReader.class)]]
    [javac] [正在加载ZipFileIndexFileObject[C:\Program Files\Java\jdk1.8.0_40\lib\ct.sym(META-INF/sym/rt.jar/java/io/FileNotFoundException.class)]]
    [javac] [正在加载ZipFileIndexFileObject[C:\Program Files\Java\jdk1.8.0_40\lib\ct.sym(META-INF/sym/rt.jar/java/io/FileReader.class)]]
    [javac] [正在加载ZipFileIndexFileObject[D:\d\workspace\bestpractice\taglib\WebRoot\WEB-INF\lib\frameworkset-util.jar(com/frameworkset/common/util/FileUtil.class)]]
    [javac] [正在加载ZipFileIndexFileObject[D:\d\workspace\bestpractice\taglib\WebRoot\WEB-INF\lib\frameworkset-pool.jar(com/frameworkset/common/poolman/JDBCValueTemplate.class)]]
    [javac] [正在加载ZipFileIndexFileObject[C:\Program Files\Java\jdk1.8.0_40\lib\ct.sym(META-INF/sym/rt.jar/java/util/HashMap.class)]]
    [javac] [正在加载ZipFileIndexFileObject[C:\Program Files\Java\jdk1.8.0_40\lib\ct.sym(META-INF/sym/rt.jar/java/util/Map.class)]]
    [javac] [正在加载ZipFileIndexFileObject[D:\d\workspace\bestpractice\taglib\compilelib\jsp-api.jar(javax/servlet/jsp/PageContext.class)]]
    [javac] [正在加载ZipFileIndexFileObject[D:\d\workspace\bestpractice\taglib\WebRoot\WEB-INF\lib\frameworkset.jar(com/frameworkset/common/tag/tree/COMTree.class)]]
    [javac] [正在加载ZipFileIndexFileObject[D:\d\workspace\bestpractice\taglib\WebRoot\WEB-INF\lib\frameworkset.jar(com/frameworkset/common/tag/tree/itf/ITreeNode.class)]]
    [javac] [正在加载ZipFileIndexFileObject[D:\d\workspace\bestpractice\taglib\WebRoot\WEB-INF\lib\frameworkset.jar(com/frameworkset/common/tag/tree/impl/Tree.class)]]
    [javac] [正在加载ZipFileIndexFileObject[D:\d\workspace\bestpractice\taglib\WebRoot\WEB-INF\lib\frameworkset.jar(com/frameworkset/common/tag/tree/itf/ITree.class)]]
    [javac] [正在加载ZipFileIndexFileObject[D:\d\workspace\bestpractice\taglib\WebRoot\WEB-INF\lib\frameworkset.jar(com/frameworkset/common/tag/tree/itf/ActiveTree.class)]]
    [javac] [正在加载ZipFileIndexFileObject[D:\d\workspace\bestpractice\taglib\WebRoot\WEB-INF\lib\frameworkset.jar(com/frameworkset/common/tag/contextmenu/ContextMenu.class)]]
    [javac] [正在加载ZipFileIndexFileObject[D:\d\workspace\bestpractice\taglib\WebRoot\WEB-INF\lib\frameworkset.jar(com/frameworkset/common/tag/contextmenu/ContextMenuImpl.class)]]
    [javac] [正在加载ZipFileIndexFileObject[C:\Program Files\Java\jdk1.8.0_40\lib\ct.sym(META-INF/sym/rt.jar/java/util/Observable.class)]]
    [javac] [正在加载ZipFileIndexFileObject[C:\Program Files\Java\jdk1.8.0_40\lib\ct.sym(META-INF/sym/rt.jar/java/util/ArrayList.class)]]
    [javac] [正在加载ZipFileIndexFileObject[D:\d\workspace\bestpractice\taglib\WebRoot\WEB-INF\lib\frameworkset.jar(com/frameworkset/common/tag/contextmenu/Menu.class)]]
    [javac] [正在加载ZipFileIndexFileObject[D:\d\workspace\bestpractice\taglib\WebRoot\WEB-INF\lib\frameworkset.jar(com/frameworkset/common/tag/contextmenu/Menu$ContextMenuItem.class)]]
    [javac] [正在加载ZipFileIndexFileObject[C:\Program Files\Java\jdk1.8.0_40\lib\ct.sym(META-INF/sym/rt.jar/sun/misc/Contended.class)]]
    [javac] [正在加载ZipFileIndexFileObject[C:\Program Files\Java\jdk1.8.0_40\lib\ct.sym(META-INF/sym/rt.jar/java/lang/Override.class)]]
    [javac] [正在加载ZipFileIndexFileObject[C:\Program Files\Java\jdk1.8.0_40\lib\ct.sym(META-INF/sym/rt.jar/java/lang/annotation/Annotation.class)]]
    [javac] [正在加载ZipFileIndexFileObject[C:\Program Files\Java\jdk1.8.0_40\lib\ct.sym(META-INF/sym/rt.jar/java/lang/annotation/Retention.class)]]
    [javac] [正在加载ZipFileIndexFileObject[C:\Program Files\Java\jdk1.8.0_40\lib\ct.sym(META-INF/sym/rt.jar/java/lang/annotation/RetentionPolicy.class)]]
    [javac] [正在加载ZipFileIndexFileObject[C:\Program Files\Java\jdk1.8.0_40\lib\ct.sym(META-INF/sym/rt.jar/java/lang/annotation/Target.class)]]
    [javac] [正在加载ZipFileIndexFileObject[C:\Program Files\Java\jdk1.8.0_40\lib\ct.sym(META-INF/sym/rt.jar/java/lang/annotation/ElementType.class)]]
    [javac] [正在检查org.ditchnet.httpunit.BaseHttpUnitTestCase]
    [javac] [正在加载ZipFileIndexFileObject[C:\Program Files\Java\jdk1.8.0_40\lib\ct.sym(META-INF/sym/rt.jar/java/lang/AutoCloseable.class)]]
    [javac] [正在加载ZipFileIndexFileObject[C:\Program Files\Java\jdk1.8.0_40\lib\ct.sym(META-INF/sym/rt.jar/java/lang/System.class)]]
    [javac] [正在加载ZipFileIndexFileObject[C:\Program Files\Java\jdk1.8.0_40\lib\ct.sym(META-INF/sym/rt.jar/java/io/PrintStream.class)]]
    [javac] [正在加载ZipFileIndexFileObject[C:\Program Files\Java\jdk1.8.0_40\lib\ct.sym(META-INF/sym/rt.jar/java/io/FilterOutputStream.class)]]
    [javac] [正在加载ZipFileIndexFileObject[C:\Program Files\Java\jdk1.8.0_40\lib\ct.sym(META-INF/sym/rt.jar/java/io/OutputStream.class)]]
    [javac] [正在加载ZipFileIndexFileObject[C:\Program Files\Java\jdk1.8.0_40\lib\ct.sym(META-INF/sym/rt.jar/java/lang/Appendable.class)]]
    [javac] [正在加载ZipFileIndexFileObject[C:\Program Files\Java\jdk1.8.0_40\lib\ct.sym(META-INF/sym/rt.jar/java/io/Closeable.class)]]
    [javac] [正在加载ZipFileIndexFileObject[C:\Program Files\Java\jdk1.8.0_40\lib\ct.sym(META-INF/sym/rt.jar/java/io/Flushable.class)]]
    [javac] [正在加载ZipFileIndexFileObject[D:\d\workspace\bestpractice\taglib\compilelib\junit-4.6.jar(junit/textui/TestRunner.class)]]
    [javac] [正在加载ZipFileIndexFileObject[C:\Program Files\Java\jdk1.8.0_40\lib\ct.sym(META-INF/sym/rt.jar/java/lang/Class.class)]]
    [javac] [正在加载ZipFileIndexFileObject[D:\d\workspace\bestpractice\taglib\compilelib\junit-4.6.jar(junit/runner/BaseTestRunner.class)]]
    [javac] [正在加载ZipFileIndexFileObject[D:\d\workspace\bestpractice\taglib\compilelib\junit-4.6.jar(junit/framework/TestListener.class)]]
    [javac] [正在加载ZipFileIndexFileObject[D:\d\workspace\bestpractice\taglib\compilelib\junit-4.6.jar(junit/framework/TestResult.class)]]
    [javac] [正在检查org.ditchnet.test.DitchBaseTestCase]
    [javac] [已写入RegularFileObject[D:\d\workspace\bestpractice\taglib\classes-bboss-taglib\org\ditchnet\httpunit\BaseHttpUnitTestCase.class]]
    [javac] [已写入RegularFileObject[D:\d\workspace\bestpractice\taglib\classes-bboss-taglib\org\ditchnet\test\DitchBaseTestCase.class]]
    [javac] [正在检查org.ditchnet.jsp.util.JspResponseWriterTest]
    [javac] [正在加载ZipFileIndexFileObject[C:\Program Files\Java\jdk1.8.0_40\lib\ct.sym(META-INF/sym/rt.jar/java/lang/AbstractStringBuilder.class)]]
    [javac] [正在加载ZipFileIndexFileObject[C:\Program Files\Java\jdk1.8.0_40\lib\ct.sym(META-INF/sym/rt.jar/java/lang/CharSequence.class)]]
    [javac] [正在加载ZipFileIndexFileObject[D:\d\workspace\bestpractice\taglib\WebRoot\WEB-INF\lib\ditchnet-tabs-taglib.jar(org/ditchnet/xml/Xml.class)]]
    [javac] [正在加载ZipFileIndexFileObject[D:\d\workspace\bestpractice\taglib\WebRoot\WEB-INF\lib\ditchnet-tabs-taglib.jar(org/ditchnet/xml/Xhtml$Tag.class)]]
    [javac] [正在加载ZipFileIndexFileObject[D:\d\workspace\bestpractice\taglib\WebRoot\WEB-INF\lib\ditchnet-tabs-taglib.jar(org/ditchnet/xml/Xml$Tag.class)]]
    [javac] [正在加载ZipFileIndexFileObject[D:\d\workspace\bestpractice\taglib\WebRoot\WEB-INF\lib\ditchnet-tabs-taglib.jar(org/ditchnet/xml/Xhtml$Attr.class)]]
    [javac] [正在加载ZipFileIndexFileObject[D:\d\workspace\bestpractice\taglib\WebRoot\WEB-INF\lib\ditchnet-tabs-taglib.jar(org/ditchnet/xml/Xml$Attr.class)]]
    [javac] [正在加载ZipFileIndexFileObject[C:\Program Files\Java\jdk1.8.0_40\lib\ct.sym(META-INF/sym/rt.jar/java/lang/IllegalStateException.class)]]
    [javac] [正在加载ZipFileIndexFileObject[C:\Program Files\Java\jdk1.8.0_40\lib\ct.sym(META-INF/sym/rt.jar/java/lang/RuntimeException.class)]]
    [javac] [正在加载ZipFileIndexFileObject[C:\Program Files\Java\jdk1.8.0_40\lib\ct.sym(META-INF/sym/rt.jar/java/lang/NullPointerException.class)]]
    [javac] [正在加载ZipFileIndexFileObject[C:\Program Files\Java\jdk1.8.0_40\lib\ct.sym(META-INF/sym/rt.jar/java/lang/Error.class)]]
    [javac] [正在加载ZipFileIndexFileObject[C:\Program Files\Java\jdk1.8.0_40\lib\ct.sym(META-INF/sym/rt.jar/java/lang/StringBuilder.class)]]
    [javac] [正在加载ZipFileIndexFileObject[C:\Program Files\Java\jdk1.8.0_40\lib\ct.sym(META-INF/sym/rt.jar/java/lang/Comparable.class)]]
    [javac] [已写入RegularFileObject[D:\d\workspace\bestpractice\taglib\classes-bboss-taglib\org\ditchnet\jsp\util\JspResponseWriterTest.class]]
    [javac] [正在检查org.ditchnet.xml.dom.DomUtilsTest]
    [javac] [正在加载ZipFileIndexFileObject[C:\Program Files\Java\jdk1.8.0_40\lib\ct.sym(META-INF/sym/rt.jar/javax/xml/parsers/DocumentBuilderFactory.class)]]
    [javac] [正在加载ZipFileIndexFileObject[C:\Program Files\Java\jdk1.8.0_40\lib\ct.sym(META-INF/sym/rt.jar/javax/xml/parsers/DocumentBuilder.class)]]
    [javac] [正在加载ZipFileIndexFileObject[C:\Program Files\Java\jdk1.8.0_40\lib\ct.sym(META-INF/sym/rt.jar/java/io/Reader.class)]]
    [javac] [正在加载ZipFileIndexFileObject[C:\Program Files\Java\jdk1.8.0_40\lib\ct.sym(META-INF/sym/rt.jar/org/w3c/dom/Element.class)]]
    [javac] [正在加载ZipFileIndexFileObject[C:\Program Files\Java\jdk1.8.0_40\lib\ct.sym(META-INF/sym/rt.jar/org/w3c/dom/Node.class)]]
    [javac] [正在加载ZipFileIndexFileObject[C:\Program Files\Java\jdk1.8.0_40\lib\ct.sym(META-INF/sym/rt.jar/org/w3c/dom/NodeList.class)]]
    [javac] [正在加载ZipFileIndexFileObject[C:\Program Files\Java\jdk1.8.0_40\lib\ct.sym(META-INF/sym/rt.jar/java/util/Collection.class)]]
    [javac] [正在加载ZipFileIndexFileObject[C:\Program Files\Java\jdk1.8.0_40\lib\ct.sym(META-INF/sym/rt.jar/java/lang/Iterable.class)]]
    [javac] [正在加载ZipFileIndexFileObject[C:\Program Files\Java\jdk1.8.0_40\lib\ct.sym(META-INF/sym/rt.jar/javax/xml/parsers/ParserConfigurationException.class)]]
    [javac] [正在加载ZipFileIndexFileObject[C:\Program Files\Java\jdk1.8.0_40\lib\ct.sym(META-INF/sym/rt.jar/org/xml/sax/SAXException.class)]]
    [javac] [已写入RegularFileObject[D:\d\workspace\bestpractice\taglib\classes-bboss-taglib\org\ditchnet\xml\dom\DomUtilsTest.class]]
    [javac] [正在检查org.frameworkset.spi.remote.http.TestBean]
    [javac] [已写入RegularFileObject[D:\d\workspace\bestpractice\taglib\classes-bboss-taglib\org\frameworkset\spi\remote\http\TestBean.class]]
    [javac] [正在检查test.PreparedAndBatchTest]
    [javac] [正在加载ZipFileIndexFileObject[D:\d\workspace\bestpractice\taglib\WebRoot\WEB-INF\lib\frameworkset-pool.jar(com/frameworkset/common/poolman/Params.class)]]
    [javac] [正在加载ZipFileIndexFileObject[D:\d\workspace\bestpractice\taglib\WebRoot\WEB-INF\lib\frameworkset-pool.jar(com/frameworkset/common/poolman/SQLParams.class)]]
    [javac] [正在加载ZipFileIndexFileObject[D:\d\workspace\bestpractice\taglib\WebRoot\WEB-INF\lib\frameworkset-pool.jar(com/frameworkset/common/poolman/util/SQLUtil.class)]]
    [javac] [正在加载ZipFileIndexFileObject[C:\Program Files\Java\jdk1.8.0_40\lib\ct.sym(META-INF/sym/rt.jar/java/lang/Cloneable.class)]]
    [javac] [正在加载ZipFileIndexFileObject[C:\Program Files\Java\jdk1.8.0_40\lib\ct.sym(META-INF/sym/rt.jar/java/net/URI.class)]]
    [javac] [正在加载ZipFileIndexFileObject[C:\Program Files\Java\jdk1.8.0_40\lib\ct.sym(META-INF/sym/rt.jar/java/util/Set.class)]]
    [javac] [正在加载ZipFileIndexFileObject[D:\d\workspace\bestpractice\taglib\WebRoot\WEB-INF\lib\frameworkset-pool.jar(com/frameworkset/common/poolman/sql/ColumnMetaData.class)]]
    [javac] [已写入RegularFileObject[D:\d\workspace\bestpractice\taglib\classes-bboss-taglib\test\PreparedAndBatchTest.class]]
    [javac] [正在检查test.PreparedAndBatchTestWithConnection]
    [javac] [正在加载ZipFileIndexFileObject[C:\Program Files\Java\jdk1.8.0_40\lib\ct.sym(META-INF/sym/rt.jar/java/sql/Wrapper.class)]]
    [javac] D:\d\workspace\bestpractice\taglib\src\test\PreparedAndBatchTestWithConnection.java:428: 警告: [deprecation] DBUtil中的setBatchConnection(Connection)已过时
    [javac] 					db.setBatchConnection(con);
    [javac] 					  ^
    [javac] D:\d\workspace\bestpractice\taglib\src\test\PreparedAndBatchTestWithConnection.java:475: 警告: [deprecation] DBUtil中的setBatchConnection(Connection)已过时
    [javac] 					db.setBatchConnection(con);
    [javac] 					  ^
    [javac] [正在加载ZipFileIndexFileObject[C:\Program Files\Java\jdk1.8.0_40\lib\ct.sym(META-INF/sym/rt.jar/java/io/FileOutputStream.class)]]
    [javac] [正在加载ZipFileIndexFileObject[C:\Program Files\Java\jdk1.8.0_40\lib\ct.sym(META-INF/sym/rt.jar/java/io/FileDescriptor.class)]]
    [javac] [正在加载ZipFileIndexFileObject[C:\Program Files\Java\jdk1.8.0_40\lib\ct.sym(META-INF/sym/rt.jar/java/lang/InterruptedException.class)]]
    [javac] [已写入RegularFileObject[D:\d\workspace\bestpractice\taglib\classes-bboss-taglib\test\PreparedAndBatchTestWithConnection$MainMonitor.class]]
    [javac] [已写入RegularFileObject[D:\d\workspace\bestpractice\taglib\classes-bboss-taglib\test\PreparedAndBatchTestWithConnection$MainThread.class]]
    [javac] [已写入RegularFileObject[D:\d\workspace\bestpractice\taglib\classes-bboss-taglib\test\PreparedAndBatchTestWithConnection$BinFaTest.class]]
    [javac] [已写入RegularFileObject[D:\d\workspace\bestpractice\taglib\classes-bboss-taglib\test\PreparedAndBatchTestWithConnection.class]]
    [javac] [正在检查test.PreparedAndBatchTestWithNullConnection]
    [javac] D:\d\workspace\bestpractice\taglib\src\test\PreparedAndBatchTestWithNullConnection.java:425: 警告: [deprecation] DBUtil中的setBatchConnection(Connection)已过时
    [javac] 					db.setBatchConnection(con);
    [javac] 					  ^
    [javac] [已写入RegularFileObject[D:\d\workspace\bestpractice\taglib\classes-bboss-taglib\test\PreparedAndBatchTestWithNullConnection$MainMonitor.class]]
    [javac] [已写入RegularFileObject[D:\d\workspace\bestpractice\taglib\classes-bboss-taglib\test\PreparedAndBatchTestWithNullConnection$MainThread.class]]
    [javac] [已写入RegularFileObject[D:\d\workspace\bestpractice\taglib\classes-bboss-taglib\test\PreparedAndBatchTestWithNullConnection$BinFaTest.class]]
    [javac] [已写入RegularFileObject[D:\d\workspace\bestpractice\taglib\classes-bboss-taglib\test\PreparedAndBatchTestWithNullConnection.class]]
    [javac] [正在检查test.ServerLet]
    [javac] [正在加载ZipFileIndexFileObject[D:\d\workspace\bestpractice\taglib\compilelib\servlet-api.jar(javax/servlet/ServletRequest.class)]]
    [javac] [正在加载ZipFileIndexFileObject[D:\d\workspace\bestpractice\taglib\compilelib\servlet-api.jar(javax/servlet/ServletInputStream.class)]]
    [javac] [正在加载ZipFileIndexFileObject[D:\d\workspace\bestpractice\taglib\compilelib\servlet-api.jar(javax/servlet/ServletResponse.class)]]
    [javac] [正在加载ZipFileIndexFileObject[C:\Program Files\Java\jdk1.8.0_40\lib\ct.sym(META-INF/sym/rt.jar/java/io/Writer.class)]]
    [javac] [已写入RegularFileObject[D:\d\workspace\bestpractice\taglib\classes-bboss-taglib\test\ServerLet.class]]
    [javac] [正在检查test.TestBean]
    [javac] [已写入RegularFileObject[D:\d\workspace\bestpractice\taglib\classes-bboss-taglib\test\TestBean.class]]
    [javac] [正在检查test.TestCellTag]
    [javac] [正在加载ZipFileIndexFileObject[D:\d\workspace\bestpractice\taglib\WebRoot\WEB-INF\lib\frameworkset-util.jar(com/frameworkset/util/SimpleStringUtil.class)]]
    [javac] [正在加载ZipFileIndexFileObject[D:\d\workspace\bestpractice\taglib\compilelib\jsp-api.jar(javax/servlet/jsp/JspWriter.class)]]
    [javac] [已写入RegularFileObject[D:\d\workspace\bestpractice\taglib\classes-bboss-taglib\test\TestCellTag.class]]
    [javac] [正在检查test.TestDBUtil1]
    [javac] [已写入RegularFileObject[D:\d\workspace\bestpractice\taglib\classes-bboss-taglib\test\TestDBUtil1.class]]
    [javac] [正在检查test.TestDataInfo]
    [javac] [正在加载ZipFileIndexFileObject[D:\d\workspace\bestpractice\taglib\WebRoot\WEB-INF\lib\frameworkset-pool.jar(com/frameworkset/common/poolman/Record.class)]]
    [javac] [已写入RegularFileObject[D:\d\workspace\bestpractice\taglib\classes-bboss-taglib\test\TestDataInfo.class]]
    [javac] [正在检查test.TestJDBCTemplate]
    [javac] [已写入RegularFileObject[D:\d\workspace\bestpractice\taglib\classes-bboss-taglib\test\TestJDBCTemplate$1.class]]
    [javac] [已写入RegularFileObject[D:\d\workspace\bestpractice\taglib\classes-bboss-taglib\test\TestJDBCTemplate.class]]
    [javac] [正在检查test.TestSEQ]
    [javac] [已写入RegularFileObject[D:\d\workspace\bestpractice\taglib\classes-bboss-taglib\test\TestSEQ.class]]
    [javac] [正在检查test.TestSecondIO]
    [javac] [正在加载ZipFileIndexFileObject[C:\Program Files\Java\jdk1.8.0_40\lib\ct.sym(META-INF/sym/rt.jar/java/io/InputStreamReader.class)]]
    [javac] [正在加载ZipFileIndexFileObject[C:\Program Files\Java\jdk1.8.0_40\lib\ct.sym(META-INF/sym/rt.jar/java/lang/Readable.class)]]
    [javac] [已写入RegularFileObject[D:\d\workspace\bestpractice\taglib\classes-bboss-taglib\test\TestSecondIO.class]]
    [javac] [正在检查test.TestTemplateDBUtil]
    [javac] [已写入RegularFileObject[D:\d\workspace\bestpractice\taglib\classes-bboss-taglib\test\TestTemplateDBUtil$1.class]]
    [javac] [已写入RegularFileObject[D:\d\workspace\bestpractice\taglib\classes-bboss-taglib\test\TestTemplateDBUtil$2.class]]
    [javac] [已写入RegularFileObject[D:\d\workspace\bestpractice\taglib\classes-bboss-taglib\test\TestTemplateDBUtil$3.class]]
    [javac] [已写入RegularFileObject[D:\d\workspace\bestpractice\taglib\classes-bboss-taglib\test\TestTemplateDBUtil$4.class]]
    [javac] [已写入RegularFileObject[D:\d\workspace\bestpractice\taglib\classes-bboss-taglib\test\TestTemplateDBUtil$5.class]]
    [javac] [已写入RegularFileObject[D:\d\workspace\bestpractice\taglib\classes-bboss-taglib\test\TestTemplateDBUtil$6.class]]
    [javac] [已写入RegularFileObject[D:\d\workspace\bestpractice\taglib\classes-bboss-taglib\test\TestTemplateDBUtil.class]]
    [javac] [正在检查test.TestValueTemplateDBUtil]
    [javac] [已写入RegularFileObject[D:\d\workspace\bestpractice\taglib\classes-bboss-taglib\test\TestValueTemplateDBUtil$1.class]]
    [javac] [已写入RegularFileObject[D:\d\workspace\bestpractice\taglib\classes-bboss-taglib\test\TestValueTemplateDBUtil$2.class]]
    [javac] [已写入RegularFileObject[D:\d\workspace\bestpractice\taglib\classes-bboss-taglib\test\TestValueTemplateDBUtil$3.class]]
    [javac] [已写入RegularFileObject[D:\d\workspace\bestpractice\taglib\classes-bboss-taglib\test\TestValueTemplateDBUtil$4.class]]
    [javac] [已写入RegularFileObject[D:\d\workspace\bestpractice\taglib\classes-bboss-taglib\test\TestValueTemplateDBUtil.class]]
    [javac] [正在检查test.pager.QueryTableList]
    [javac] [已写入RegularFileObject[D:\d\workspace\bestpractice\taglib\classes-bboss-taglib\test\pager\QueryTableList.class]]
    [javac] [正在检查test.pager.TableInfo]
    [javac] [已写入RegularFileObject[D:\d\workspace\bestpractice\taglib\classes-bboss-taglib\test\pager\TableInfo.class]]
    [javac] [正在检查test.pager.TableInfoListData]
    [javac] [已写入RegularFileObject[D:\d\workspace\bestpractice\taglib\classes-bboss-taglib\test\pager\TableInfoListData.class]]
    [javac] [正在检查test.tree.TestTree]
    [javac] [正在加载ZipFileIndexFileObject[D:\d\workspace\bestpractice\taglib\WebRoot\WEB-INF\lib\frameworkset.jar(com/frameworkset/common/tag/contextmenu/AttachElement.class)]]
    [javac] [正在加载ZipFileIndexFileObject[C:\Program Files\Java\jdk1.8.0_40\lib\ct.sym(META-INF/sym/rt.jar/java/util/Observer.class)]]
    [javac] [正在加载ZipFileIndexFileObject[C:\Program Files\Java\jdk1.8.0_40\lib\ct.sym(META-INF/sym/rt.jar/java/util/AbstractMap.class)]]
    [javac] [正在加载ZipFileIndexFileObject[C:\Program Files\Java\jdk1.8.0_40\lib\ct.sym(META-INF/sym/rt.jar/java/lang/Boolean.class)]]
    [javac] [已写入RegularFileObject[D:\d\workspace\bestpractice\taglib\classes-bboss-taglib\test\tree\TestTree.class]]
    [javac] [正在检查test.tree.TreeNode]
    [javac] [正在加载ZipFileIndexFileObject[C:\Program Files\Java\jdk1.8.0_40\lib\ct.sym(META-INF/sym/rt.jar/java/util/AbstractList.class)]]
    [javac] [正在加载ZipFileIndexFileObject[C:\Program Files\Java\jdk1.8.0_40\lib\ct.sym(META-INF/sym/rt.jar/java/util/AbstractCollection.class)]]
    [javac] [已写入RegularFileObject[D:\d\workspace\bestpractice\taglib\classes-bboss-taglib\test\tree\TreeNode.class]]
    [javac] [正在检查test.tree.TreeUtil]
    [javac] [已写入RegularFileObject[D:\d\workspace\bestpractice\taglib\classes-bboss-taglib\test\tree\TreeUtil.class]]
    [javac] [正在检查test.tree.TreeWithContextMenu]
    [javac] [已写入RegularFileObject[D:\d\workspace\bestpractice\taglib\classes-bboss-taglib\test\tree\TreeWithContextMenu.class]]
    [javac] [共 2010 毫秒]
    [javac] 注: 某些输入文件使用了未经检查或不安全的操作。
    [javac] 注: 有关详细信息, 请使用 -Xlint:unchecked 重新编译。
    [javac] 7 个警告

jar-frameworkset:
     [echo] Generate the frameworkset-test library frameworkset-test.jar ...
      [jar] Building jar: D:\d\workspace\bestpractice\taglib\distrib\frameworkset-test.jar

copy-resource:
     [echo] copy resource files ...
     [copy] Copying 440 files to D:\d\workspace\bestpractice\taglib\distrib\WebRoot
   [delete] Deleting directory D:\d\workspace\bestpractice\taglib\distrib\WebRoot\WEB-INF\classes
    [mkdir] Created dir: D:\d\workspace\bestpractice\taglib\distrib\WebRoot\WEB-INF\classes
     [copy] Copying 24 files to D:\d\workspace\bestpractice\taglib\distrib\WebRoot\WEB-INF\classes

copy-depends-liberary:
     [echo] copy depends liberarys ...
     [copy] Copying 1 file to D:\d\workspace\bestpractice\taglib\distrib\WebRoot\WEB-INF\lib

distrib:
     [echo] Construct the distribution package...

war:
      [war] Building war: D:\d\workspace\bestpractice\taglib\distrib\taglib.war

complete:
   [delete] Deleting directory D:\d\workspace\bestpractice\taglib\classes-bboss-taglib
   [delete] Deleting directory D:\d\workspace\bestpractice\taglib\distrib\WebRoot

default:

BUILD SUCCESSFUL
Total time: 5 seconds
